2024-05-26 09:46:21,056 [INFO] Activator:176 - 


2024-05-26 09:46:21,063 [INFO] Activator:177 - !SESSION log4j initialized
2024-05-26 09:46:26,785 [INFO] LogOutputStream:77 - [STDOUT_REDIRECT] 
2024-05-26 09:46:29,388 [INFO] ApplicationProperties:184 - Using Application install path: C:\ST\STM32CubeIDE_1.14.1\STM32CubeIDE\plugins\com.st.stm32cube.common.mx_6.11.1.202404110753
2024-05-26 09:46:29,407 [INFO] DbMcusXml:78 - Set database path to: C:\ST\STM32CubeIDE_1.14.1\STM32CubeIDE\plugins\com.st.stm32cube.common.mx_6.11.1.202404110753\\db\/mcu/
2024-05-26 09:46:29,407 [INFO] ApiDb:274 - Set plugin database path to: C:\ST\STM32CubeIDE_1.14.1\STM32CubeIDE\plugins\com.st.stm32cube.common.mx_6.11.1.202404110753\\db\/plugins/boardmanager/
2024-05-26 09:46:29,408 [WARN] ApiDb:259 - Overriding images path with different value:  => C:\ST\STM32CubeIDE_1.14.1\STM32CubeIDE\plugins\com.st.stm32cube.common.mx_6.11.1.202404110753\\db\/plugins/mcufinder/images/
2024-05-26 09:46:29,422 [INFO] ApiDb:250 - Set database path to: C:\Users\TechRave\.stmcufinder\plugins\mcufinder//mcu/
2024-05-26 09:46:29,423 [INFO] DbMcusAds:125 - Set database path to: C:\Users\TechRave\.stmcufinder\plugins\mcufinder//mcu/
2024-05-26 09:46:29,425 [INFO] CrossReferenceDbSqlite:203 - Set database path to: C:\Users\TechRave\.stmcufinder\plugins\mcufinder//mcu/cs/
2024-05-26 09:46:29,515 [INFO] RulesReader:64 - Compatibility file has been processed (297 Rules)
2024-05-26 09:46:29,577 [INFO] DbMcusXml:78 - Set database path to: C:\ST\STM32CubeIDE_1.14.1\STM32CubeIDE\plugins\com.st.stm32cube.common.mx_6.11.1.202404110753\\db\/mcu/
2024-05-26 09:46:29,577 [INFO] ApiDb:274 - Set plugin database path to: C:\ST\STM32CubeIDE_1.14.1\STM32CubeIDE\plugins\com.st.stm32cube.common.mx_6.11.1.202404110753\\db\/plugins/boardmanager/
2024-05-26 09:46:29,578 [INFO] ApiDb:261 - Set plugin images path to: C:\ST\STM32CubeIDE_1.14.1\STM32CubeIDE\plugins\com.st.stm32cube.common.mx_6.11.1.202404110753\\db\/plugins/mcufinder/images/
2024-05-26 09:46:29,578 [WARN] DbFile:41 - Overriding database path with different value: C:\Users\TechRave\.stmcufinder\plugins\mcufinder/ => C:\Users\TechRave\.stmcufinder\plugins\mcufinder
2024-05-26 09:46:29,578 [INFO] ApiDb:250 - Set database path to: C:\Users\TechRave\.stmcufinder\plugins\mcufinder//mcu/
2024-05-26 09:46:29,578 [WARN] DbFile:41 - Overriding database path with different value: C:\Users\TechRave\.stmcufinder\plugins\mcufinder/ => C:\Users\TechRave\.stmcufinder\plugins\mcufinder
2024-05-26 09:46:29,578 [INFO] DbMcusAds:125 - Set database path to: C:\Users\TechRave\.stmcufinder\plugins\mcufinder//mcu/
2024-05-26 09:46:29,578 [WARN] DbFile:41 - Overriding database path with different value: C:\Users\TechRave\.stmcufinder\plugins\mcufinder/ => C:\Users\TechRave\.stmcufinder\plugins\mcufinder
2024-05-26 09:46:29,578 [WARN] DbFile:41 - Overriding database path with different value: C:\Users\TechRave\.stmcufinder\plugins\mcufinder/ => C:\Users\TechRave\.stmcufinder\plugins\mcufinder
2024-05-26 09:46:29,578 [INFO] CrossReferenceDbSqlite:203 - Set database path to: C:\Users\TechRave\.stmcufinder\plugins\mcufinder//mcu/cs/
2024-05-26 09:46:29,635 [INFO] MainPanel:264 - HeapMemory: 268435456
2024-05-26 09:46:29,704 [INFO] DbMcusXml:78 - Set database path to: C:\ST\STM32CubeIDE_1.14.1\STM32CubeIDE\plugins\com.st.stm32cube.common.mx_6.11.1.202404110753\\db\/mcu/
2024-05-26 09:46:29,704 [INFO] ApiDb:274 - Set plugin database path to: C:\ST\STM32CubeIDE_1.14.1\STM32CubeIDE\plugins\com.st.stm32cube.common.mx_6.11.1.202404110753\\db\/plugins/boardmanager/
2024-05-26 09:46:29,704 [INFO] ApiDb:261 - Set plugin images path to: C:\ST\STM32CubeIDE_1.14.1\STM32CubeIDE\plugins\com.st.stm32cube.common.mx_6.11.1.202404110753\\db\/plugins/mcufinder/images/
2024-05-26 09:46:29,705 [WARN] DbFile:41 - Overriding database path with different value: C:\Users\TechRave\.stmcufinder\plugins\mcufinder/ => C:\Users\TechRave\.stmcufinder\plugins\mcufinder
2024-05-26 09:46:29,705 [INFO] ApiDb:250 - Set database path to: C:\Users\TechRave\.stmcufinder\plugins\mcufinder//mcu/
2024-05-26 09:46:29,705 [WARN] DbFile:41 - Overriding database path with different value: C:\Users\TechRave\.stmcufinder\plugins\mcufinder/ => C:\Users\TechRave\.stmcufinder\plugins\mcufinder
2024-05-26 09:46:29,705 [INFO] DbMcusAds:125 - Set database path to: C:\Users\TechRave\.stmcufinder\plugins\mcufinder//mcu/
2024-05-26 09:46:29,705 [WARN] DbFile:41 - Overriding database path with different value: C:\Users\TechRave\.stmcufinder\plugins\mcufinder/ => C:\Users\TechRave\.stmcufinder\plugins\mcufinder
2024-05-26 09:46:29,705 [WARN] DbFile:41 - Overriding database path with different value: C:\Users\TechRave\.stmcufinder\plugins\mcufinder/ => C:\Users\TechRave\.stmcufinder\plugins\mcufinder
2024-05-26 09:46:29,705 [INFO] CrossReferenceDbSqlite:203 - Set database path to: C:\Users\TechRave\.stmcufinder\plugins\mcufinder//mcu/cs/
2024-05-26 09:46:29,720 [INFO] ApplicationProperties:184 - Using Application install path: C:\ST\STM32CubeIDE_1.14.1\STM32CubeIDE\plugins\com.st.stm32cube.common.mx_6.11.1.202404110753
2024-05-26 09:46:29,721 [INFO] PluginManage:196 - Search for loadable plugins [exclusion list=, ]
2024-05-26 09:46:29,722 [INFO] PluginManage:310 - Check plugin analytics
2024-05-26 09:46:29,846 [INFO] AnalyticsPlugin:253 - Accepted Software Licenses: STM32CubeMX.6.9.2,STM32CubeMX.6.10.0,STM32CubeMX.6.11.1
2024-05-26 09:46:29,846 [INFO] AnalyticsPlugin:255 - Accepted CMSIS Pack Licenses: STMicroelectronics.X-CUBE-AI.8.1.0,STMicroelectronics.X-CUBE-AI.9.0.0
2024-05-26 09:46:29,846 [INFO] AnalyticsPlugin:257 - Accepted Firmware Licenses: FW.H5.1.2.0
2024-05-26 09:46:29,848 [INFO] PluginManage:359 - Loaded plugin analytics (category:tool,tabindex:-1)
2024-05-26 09:46:29,849 [INFO] PluginManage:310 - Check plugin cadmodel
2024-05-26 09:46:29,860 [INFO] CADModel:105 - Init CAD model plugin
2024-05-26 09:46:29,860 [INFO] PluginManage:359 - Loaded plugin cadmodel (category:power,tabindex:5)
2024-05-26 09:46:29,861 [INFO] PluginManage:310 - Check plugin clock
2024-05-26 09:46:29,876 [INFO] PluginManage:359 - Loaded plugin clock (category:base,tabindex:2)
2024-05-26 09:46:29,876 [INFO] PluginManage:310 - Check plugin ddr
2024-05-26 09:46:29,878 [INFO] PluginManage:359 - Loaded plugin ddr (category:tool,tabindex:6)
2024-05-26 09:46:29,878 [INFO] PluginManage:310 - Check plugin filemanager
2024-05-26 09:46:29,985 [INFO] PluginManage:359 - Loaded plugin filemanager (category:base,tabindex:10)
2024-05-26 09:46:29,985 [INFO] PluginManage:310 - Check plugin ipmanager
2024-05-26 09:46:29,990 [INFO] PluginManage:359 - Loaded plugin ipmanager (category:base,tabindex:5)
2024-05-26 09:46:29,991 [INFO] PluginManage:310 - Check plugin lpbam
2024-05-26 09:46:30,005 [INFO] PluginManage:359 - Loaded plugin lpbam (category:base,tabindex:0)
2024-05-26 09:46:30,005 [INFO] PluginManage:310 - Check plugin memorymap
2024-05-26 09:46:30,023 [INFO] PluginManage:359 - Loaded plugin memorymap (category:base,tabindex:4)
2024-05-26 09:46:30,023 [INFO] PluginManage:310 - Check plugin pinoutandconfiguration
2024-05-26 09:46:30,036 [INFO] PluginManage:359 - Loaded plugin pinoutandconfiguration (category:base,tabindex:1)
2024-05-26 09:46:30,036 [INFO] PluginManage:310 - Check plugin pinoutconfig
2024-05-26 09:46:30,111 [WARN] SupportedApi:132 - Cannot load RTOS API schema: s4s-elt-must-match.1: The content of 'definitions' must match (annotation?, (simpleType | complexType)?, (unique | key | keyref)*)). A problem was found starting at: attribute.
2024-05-26 09:46:30,213 [INFO] PluginManage:359 - Loaded plugin pinoutconfig (category:base,tabindex:0)
2024-05-26 09:46:30,213 [INFO] PluginManage:310 - Check plugin power
2024-05-26 09:46:30,240 [INFO] PluginManage:359 - Loaded plugin power (category:power,tabindex:4)
2024-05-26 09:46:30,240 [INFO] PluginManage:310 - Check plugin projectmanager
2024-05-26 09:46:30,260 [INFO] PluginManage:359 - Loaded plugin projectmanager (category:projectmanager,tabindex:3)
2024-05-26 09:46:30,260 [INFO] PluginManage:310 - Check plugin thirdparty
2024-05-26 09:46:30,472 [INFO] PluginManage:359 - Loaded plugin thirdparty (category:base,tabindex:-1)
2024-05-26 09:46:30,472 [WARN] IntegrityCheckThread:84 - waiting for thirdparty lock release [integrity check]
2024-05-26 09:46:30,473 [INFO] PluginManage:310 - Check plugin tools
2024-05-26 09:46:30,473 [INFO] IntegrityCheckThread:86 - entering critical section [integrity check]
2024-05-26 09:46:30,473 [INFO] ThirdPartyUpdaterWithRetryManager:70 - Updater plugin not ready yet. [1/15]
2024-05-26 09:46:30,499 [INFO] PluginManage:359 - Loaded plugin tools (category:base,tabindex:7)
2024-05-26 09:46:30,499 [INFO] PluginManage:310 - Check plugin tutovideos
2024-05-26 09:46:30,645 [INFO] PluginManage:359 - Loaded plugin tutovideos (category:base,tabindex:-1)
2024-05-26 09:46:30,645 [INFO] PluginManage:310 - Check plugin updater
2024-05-26 09:46:30,653 [INFO] PluginManage:359 - Loaded plugin updater (category:base,tabindex:12)
2024-05-26 09:46:30,653 [INFO] PluginManage:310 - Check plugin userauth
2024-05-26 09:46:30,658 [INFO] UserAuth:114 - Init User Auth plugin
2024-05-26 09:46:30,658 [INFO] PluginManage:359 - Loaded plugin userauth (category:base,tabindex:14)
2024-05-26 09:46:30,659 [INFO] PluginManage:283 - PluginManage : Loaded plugins [17]
2024-05-26 09:46:30,821 [INFO] PinOutPanel:1561 - setPackage(No Configuration,No Configuration)
2024-05-26 09:46:30,879 [INFO] CADModel:165 - CPN selected for project level
2024-05-26 09:46:30,879 [INFO] CADModel:114 - Register for checkConnection events
2024-05-26 09:46:30,899 [INFO] IPUIPlugin:80 - create IPUIPlugin
2024-05-26 09:46:30,900 [INFO] PluginManager:220 - loadIPPluginJar : add adc
2024-05-26 09:46:30,929 [INFO] IPUIPlugin:80 - create IPUIPlugin
2024-05-26 09:46:30,929 [INFO] PluginManager:220 - loadIPPluginJar : add aes
2024-05-26 09:46:30,963 [INFO] IPUIPlugin:80 - create IPUIPlugin
2024-05-26 09:46:30,963 [INFO] PluginManager:220 - loadIPPluginJar : add can
2024-05-26 09:46:30,981 [INFO] IPUIPlugin:80 - create IPUIPlugin
2024-05-26 09:46:30,981 [INFO] PluginManager:220 - loadIPPluginJar : add comp
2024-05-26 09:46:31,008 [INFO] IPUIPlugin:80 - create IPUIPlugin
2024-05-26 09:46:31,008 [INFO] PluginManager:220 - loadIPPluginJar : add cryp
2024-05-26 09:46:31,032 [INFO] IPUIPlugin:80 - create IPUIPlugin
2024-05-26 09:46:31,032 [INFO] PluginManager:220 - loadIPPluginJar : add dfsdm
2024-05-26 09:46:31,043 [INFO] IPUIPlugin:80 - create IPUIPlugin
2024-05-26 09:46:31,043 [INFO] PluginManager:220 - loadIPPluginJar : add dma
2024-05-26 09:46:31,079 [INFO] IPUIPlugin:80 - create IPUIPlugin
2024-05-26 09:46:31,079 [INFO] PluginManager:220 - loadIPPluginJar : add dma3
2024-05-26 09:46:31,117 [INFO] IPUIPlugin:80 - create IPUIPlugin
2024-05-26 09:46:31,117 [INFO] PluginManager:220 - loadIPPluginJar : add extmemmanager
2024-05-26 09:46:31,133 [INFO] IPUIPlugin:80 - create IPUIPlugin
2024-05-26 09:46:31,133 [INFO] PluginManager:220 - loadIPPluginJar : add fatfs
2024-05-26 09:46:31,172 [INFO] IPUIPlugin:80 - create IPUIPlugin
2024-05-26 09:46:31,172 [INFO] PluginManager:220 - loadIPPluginJar : add fmc
2024-05-26 09:46:31,184 [INFO] IPUIPlugin:80 - create IPUIPlugin
2024-05-26 09:46:31,184 [INFO] PluginManager:220 - loadIPPluginJar : add freertos
2024-05-26 09:46:31,201 [INFO] IPUIPlugin:80 - create IPUIPlugin
2024-05-26 09:46:31,201 [INFO] PluginManager:220 - loadIPPluginJar : add genericplugin
2024-05-26 09:46:31,276 [INFO] IPUIPlugin:80 - create IPUIPlugin
2024-05-26 09:46:31,276 [INFO] PluginManager:220 - loadIPPluginJar : add gfxmmu
2024-05-26 09:46:31,385 [INFO] IPUIPlugin:80 - create IPUIPlugin
2024-05-26 09:46:31,385 [INFO] PluginManager:220 - loadIPPluginJar : add gic
2024-05-26 09:46:31,396 [INFO] IPUIPlugin:80 - create IPUIPlugin
2024-05-26 09:46:31,396 [INFO] PluginManager:220 - loadIPPluginJar : add gpio
2024-05-26 09:46:31,470 [INFO] IPUIPlugin:80 - create IPUIPlugin
2024-05-26 09:46:31,470 [INFO] PluginManager:220 - loadIPPluginJar : add gtzc
2024-05-26 09:46:31,496 [INFO] IPUIPlugin:80 - create IPUIPlugin
2024-05-26 09:46:31,496 [INFO] PluginManager:220 - loadIPPluginJar : add hash
2024-05-26 09:46:31,540 [INFO] IPUIPlugin:80 - create IPUIPlugin
2024-05-26 09:46:31,540 [INFO] PluginManager:220 - loadIPPluginJar : add i2c
2024-05-26 09:46:31,572 [INFO] IPUIPlugin:80 - create IPUIPlugin
2024-05-26 09:46:31,572 [INFO] PluginManager:220 - loadIPPluginJar : add i2s
2024-05-26 09:46:31,606 [INFO] IPUIPlugin:80 - create IPUIPlugin
2024-05-26 09:46:31,606 [INFO] PluginManager:220 - loadIPPluginJar : add i3c
2024-05-26 09:46:31,692 [INFO] IPUIPlugin:80 - create IPUIPlugin
2024-05-26 09:46:31,692 [INFO] PluginManager:220 - loadIPPluginJar : add ipddr
2024-05-26 09:46:31,763 [INFO] IPUIPlugin:80 - create IPUIPlugin
2024-05-26 09:46:31,763 [INFO] PluginManager:220 - loadIPPluginJar : add linkedlist
2024-05-26 09:46:31,792 [INFO] IPUIPlugin:80 - create IPUIPlugin
2024-05-26 09:46:31,792 [INFO] PluginManager:220 - loadIPPluginJar : add lorawan
2024-05-26 09:46:31,821 [INFO] IPUIPlugin:80 - create IPUIPlugin
2024-05-26 09:46:31,821 [INFO] PluginManager:220 - loadIPPluginJar : add ltdc
2024-05-26 09:46:31,832 [INFO] IPUIPlugin:80 - create IPUIPlugin
2024-05-26 09:46:31,833 [INFO] PluginManager:220 - loadIPPluginJar : add mdma
2024-05-26 09:46:31,842 [INFO] IPUIPlugin:80 - create IPUIPlugin
2024-05-26 09:46:31,842 [INFO] PluginManager:220 - loadIPPluginJar : add nvic
2024-05-26 09:46:31,871 [INFO] IPUIPlugin:80 - create IPUIPlugin
2024-05-26 09:46:31,871 [INFO] PluginManager:220 - loadIPPluginJar : add opamp
2024-05-26 09:46:31,918 [INFO] IPUIPlugin:80 - create IPUIPlugin
2024-05-26 09:46:31,918 [INFO] PluginManager:220 - loadIPPluginJar : add openamp
2024-05-26 09:46:31,951 [INFO] IPUIPlugin:80 - create IPUIPlugin
2024-05-26 09:46:31,951 [INFO] PluginManager:220 - loadIPPluginJar : add pdm2pcm
2024-05-26 09:46:31,963 [INFO] IPUIPlugin:80 - create IPUIPlugin
2024-05-26 09:46:31,965 [INFO] PluginManager:220 - loadIPPluginJar : add plateformsettings
2024-05-26 09:46:31,983 [INFO] IPUIPlugin:80 - create IPUIPlugin
2024-05-26 09:46:31,983 [INFO] PluginManager:220 - loadIPPluginJar : add quadspi
2024-05-26 09:46:31,993 [INFO] IPUIPlugin:80 - create IPUIPlugin
2024-05-26 09:46:31,993 [INFO] PluginManager:220 - loadIPPluginJar : add resmgrutility
2024-05-26 09:46:32,031 [INFO] IPUIPlugin:80 - create IPUIPlugin
2024-05-26 09:46:32,031 [INFO] PluginManager:220 - loadIPPluginJar : add sai
2024-05-26 09:46:32,060 [INFO] IPUIPlugin:80 - create IPUIPlugin
2024-05-26 09:46:32,061 [INFO] PluginManager:220 - loadIPPluginJar : add spi
2024-05-26 09:46:32,115 [INFO] IPUIPlugin:80 - create IPUIPlugin
2024-05-26 09:46:32,116 [INFO] PluginManager:220 - loadIPPluginJar : add stm32_wpan
2024-05-26 09:46:32,133 [INFO] IPUIPlugin:80 - create IPUIPlugin
2024-05-26 09:46:32,133 [INFO] PluginManager:220 - loadIPPluginJar : add tim
2024-05-26 09:46:32,180 [INFO] IPUIPlugin:80 - create IPUIPlugin
2024-05-26 09:46:32,180 [INFO] PluginManager:220 - loadIPPluginJar : add touchsensing
2024-05-26 09:46:32,198 [INFO] IPUIPlugin:80 - create IPUIPlugin
2024-05-26 09:46:32,199 [INFO] PluginManager:220 - loadIPPluginJar : add tracer_emb
2024-05-26 09:46:32,217 [INFO] IPUIPlugin:80 - create IPUIPlugin
2024-05-26 09:46:32,217 [INFO] PluginManager:220 - loadIPPluginJar : add ts
2024-05-26 09:46:32,233 [INFO] IPUIPlugin:80 - create IPUIPlugin
2024-05-26 09:46:32,233 [INFO] PluginManager:220 - loadIPPluginJar : add tsc
2024-05-26 09:46:32,250 [INFO] IPUIPlugin:80 - create IPUIPlugin
2024-05-26 09:46:32,250 [INFO] PluginManager:220 - loadIPPluginJar : add ucpd
2024-05-26 09:46:32,285 [INFO] IPUIPlugin:80 - create IPUIPlugin
2024-05-26 09:46:32,285 [INFO] PluginManager:220 - loadIPPluginJar : add usart
2024-05-26 09:46:32,321 [INFO] IPUIPlugin:80 - create IPUIPlugin
2024-05-26 09:46:32,321 [INFO] PluginManager:220 - loadIPPluginJar : add usbx
2024-05-26 09:46:32,437 [INFO] CADModel:165 - CPN selected for project level
2024-05-26 09:46:32,437 [INFO] CADModel:114 - Register for checkConnection events
2024-05-26 09:46:32,437 [FATAL] Updater:308 - Updater called before beeing initialized
2024-05-26 09:46:32,438 [ERROR] CADModel:125 - Updater not yet initialized, retry later 
2024-05-26 09:46:32,567 [INFO] CADModel:165 - CPN selected for project level
2024-05-26 09:46:32,567 [INFO] CADModel:114 - Register for checkConnection events
2024-05-26 09:46:32,567 [FATAL] Updater:308 - Updater called before beeing initialized
2024-05-26 09:46:32,567 [ERROR] CADModel:125 - Updater not yet initialized, retry later 
2024-05-26 09:46:32,570 [FATAL] Updater:308 - Updater called before beeing initialized
2024-05-26 09:46:32,662 [FATAL] Updater:308 - Updater called before beeing initialized
2024-05-26 09:46:32,670 [INFO] DbMcusAds:53 - JSON generation date=Thu May 16 05:22:00 EDT 2024 (1715851320852)
2024-05-26 09:46:32,670 [FATAL] Updater:308 - Updater called before beeing initialized
2024-05-26 09:46:32,737 [WARN] DetailPanel:346 - Failed to get advertising image, set to default
2024-05-26 09:46:32,813 [FATAL] Updater:308 - Updater called before beeing initialized
2024-05-26 09:46:32,815 [FATAL] Updater:308 - Updater called before beeing initialized
2024-05-26 09:46:32,815 [FATAL] Updater:308 - Updater called before beeing initialized
2024-05-26 09:46:32,815 [WARN] DetailPanel:346 - Failed to get advertising image, set to default
2024-05-26 09:46:32,816 [FATAL] Updater:308 - Updater called before beeing initialized
2024-05-26 09:46:32,871 [ERROR] Updater:1120 - MainUpdater not yet initialized. External WinMGr cannot be set.
2024-05-26 09:46:32,880 [INFO] Updater:1056 - Updater Version found : 6.11.1
2024-05-26 09:46:32,895 [INFO] ApplicationProperties:184 - Using Application install path: C:\ST\STM32CubeIDE_1.14.1\STM32CubeIDE\plugins\com.st.stm32cube.common.mx_6.11.1.202404110753
2024-05-26 09:46:33,407 [INFO] MainUpdater:2873 - connection check result : 10
2024-05-26 09:46:33,407 [INFO] MainUpdater:290 - Updater Check For Update Now.
2024-05-26 09:46:33,407 [INFO] MicroXplorer:498 - Change Database Version : DB.6.0.111
2024-05-26 09:46:33,420 [INFO] McuFinderGlobals:63 - Set McuFinder mode to 2 (CubeIDE integrated)
2024-05-26 09:46:33,430 [INFO] UserAuth:415 - Internet connection configuration mode: 1
2024-05-26 09:46:33,451 [INFO] JxBrowserEngine:152 - Initiate JxBrowser Engine with user profile folder
2024-05-26 09:46:33,474 [WARN] MainUpdater:1194 - Updater busy. Cannot search thirdparties
2024-05-26 09:46:33,475 [INFO] ThirdPartyUpdaterWithRetryManager:96 - Updater plugin is busy. [1/15]
2024-05-26 09:46:33,596 [INFO] CheckServerUpdateThread:120 - End of CheckServer Thread
2024-05-26 09:46:36,706 [WARN] PackLoader:240 - Cannot read IP mode file for STMicroelectronics.FP-SNS-MOTENVWB1.1.4.0
2024-05-26 09:46:36,722 [WARN] PackLoader:240 - Cannot read IP mode file for STMicroelectronics.X-CUBE-SMBUS.2.1.0
2024-05-26 09:46:36,759 [WARN] PackLoader:240 - Cannot read IP mode file for STMicroelectronics.X-CUBE-TOUCHGFX.4.23.1
2024-05-26 09:46:36,768 [WARN] PackLoader:240 - Cannot read IP mode file for STMicroelectronics.X-CUBE-TOUCHGFX.4.23.0
2024-05-26 09:46:36,779 [WARN] PackLoader:240 - Cannot read IP mode file for STMicroelectronics.X-CUBE-TOUCHGFX.4.23.2
2024-05-26 09:46:36,823 [WARN] PackLoader:240 - Cannot read IP mode file for STMicroelectronics.X-CUBE-AZRTOS-F7.1.1.0
2024-05-26 09:46:36,842 [WARN] PackLoader:240 - Cannot read IP mode file for STMicroelectronics.FP-SNS-MOTENV1.4.3.2
2024-05-26 09:46:36,855 [WARN] PackLoader:240 - Cannot read IP mode file for STMicroelectronics.FP-SNS-FLIGHT1.5.0.2
2024-05-26 09:46:36,870 [WARN] PackLoader:240 - Cannot read IP mode file for STMicroelectronics.X-CUBE-DISPLAY.3.0.0
2024-05-26 09:46:36,890 [WARN] PackLoader:240 - Cannot read IP mode file for STMicroelectronics.X-CUBE-BLE1.7.0.0
2024-05-26 09:46:36,904 [WARN] PackLoader:240 - Cannot read IP mode file for emotas.I-CUBE-CANOPEN.1.3.0
2024-05-26 09:46:36,915 [WARN] PackLoader:240 - Cannot read IP mode file for STMicroelectronics.X-CUBE-TOUCHGFX.4.22.1
2024-05-26 09:46:36,951 [WARN] PackLoader:240 - Cannot read IP mode file for STMicroelectronics.X-CUBE-BLEMGR.3.1.0
2024-05-26 09:46:36,982 [WARN] PackLoader:240 - Cannot read IP mode file for STMicroelectronics.FP-SNS-SMARTAG2.1.2.0
2024-05-26 09:46:36,999 [INFO] LogOutputStream:77 - [STDOUT_REDIRECT] 1 : Invalid condition id : UX_CORESTACK_Condition cause : null
2024-05-26 09:46:37,000 [INFO] LogOutputStream:77 - [STDOUT_REDIRECT] 1 : Invalid condition id : UX_CORESTACK_Condition cause : null
2024-05-26 09:46:37,000 [INFO] LogOutputStream:77 - [STDOUT_REDIRECT] 1 : Invalid condition id : UX_CORESTACK_Condition cause : null
2024-05-26 09:46:37,001 [INFO] LogOutputStream:77 - [STDOUT_REDIRECT] 1 : Invalid condition id : UX_CORESTACK_Condition cause : null
2024-05-26 09:46:37,002 [INFO] LogOutputStream:77 - [STDOUT_REDIRECT] 1 : Invalid condition id : UX_CORESTACK_Condition cause : null
2024-05-26 09:46:37,005 [WARN] PackLoader:240 - Cannot read IP mode file for STMicroelectronics.X-CUBE-AZRTOS-WL.2.0.0
2024-05-26 09:46:37,018 [WARN] PackLoader:240 - Cannot read IP mode file for STMicroelectronics.FP-SNS-MOTENV1.5.0.0
2024-05-26 09:46:37,031 [WARN] PackLoader:240 - Cannot read IP mode file for WES.I-CUBE-Cesium.1.3.0
2024-05-26 09:46:37,041 [WARN] PackLoader:240 - Cannot read IP mode file for STMicroelectronics.X-CUBE-BLE2.3.3.0
2024-05-26 09:46:37,052 [WARN] PackLoader:240 - Cannot read IP mode file for STMicroelectronics.X-CUBE-TCPP.4.1.0
2024-05-26 09:46:37,065 [WARN] PackLoader:240 - Cannot read IP mode file for STMicroelectronics.X-CUBE-ALGOBUILD.1.3.0
2024-05-26 09:46:37,098 [WARN] PackLoader:240 - Cannot read IP mode file for STMicroelectronics.X-CUBE-AZRTOS-G0.1.1.0
2024-05-26 09:46:37,123 [WARN] PackLoader:240 - Cannot read IP mode file for STMicroelectronics.X-CUBE-SAFEA1.1.2.2
2024-05-26 09:46:37,146 [WARN] PackLoader:240 - Cannot read IP mode file for STMicroelectronics.X-CUBE-NFC4.3.0.0
2024-05-26 09:46:37,171 [WARN] PackLoader:240 - Cannot read IP mode file for STMicroelectronics.X-CUBE-BLEMGR.3.0.0
2024-05-26 09:46:37,190 [WARN] PackLoader:240 - Cannot read IP mode file for STMicroelectronics.FP-ATR-SIGFOX1.3.2.0
2024-05-26 09:46:37,210 [WARN] PackLoader:240 - Cannot read IP mode file for STMicroelectronics.X-CUBE-EEPRMA1.5.1.0
2024-05-26 09:46:37,269 [WARN] PackLoader:240 - Cannot read IP mode file for SEGGER.I-CUBE-embOS.1.3.1
2024-05-26 09:46:37,318 [WARN] PackLoader:240 - Cannot read IP mode file for STMicroelectronics.X-CUBE-ALGOBUILD.1.4.0
2024-05-26 09:46:37,333 [WARN] PackLoader:240 - Cannot read IP mode file for STMicroelectronics.X-CUBE-GNSS1.6.0.0
2024-05-26 09:46:37,360 [WARN] PackLoader:240 - Cannot read IP mode file for STMicroelectronics.X-CUBE-AZRTOS-F4.1.1.0
2024-05-26 09:46:37,376 [WARN] PackLoader:240 - Cannot read IP mode file for wolfSSL.I-CUBE-wolfSSL.5.6.4
2024-05-26 09:46:37,389 [WARN] PackLoader:240 - Cannot read IP mode file for STMicroelectronics.X-CUBE-FREERTOS.1.2.0
2024-05-26 09:46:37,415 [WARN] PackLoader:240 - Cannot read IP mode file for STMicroelectronics.X-CUBE-AZRTOS-L5.2.0.0
2024-05-26 09:46:37,427 [INFO] WebApp:161 - Instantiating new browser for Auth
2024-05-26 09:46:37,430 [WARN] PackLoader:240 - Cannot read IP mode file for STMicroelectronics.X-CUBE-EEPRMA1.4.2.0
2024-05-26 09:46:37,451 [WARN] PackLoader:240 - Cannot read IP mode file for STMicroelectronics.X-CUBE-NFC6.3.1.0
2024-05-26 09:46:37,476 [WARN] PackLoader:240 - Cannot read IP mode file for ITTIA_DB.I-CUBE-ITTIADB.8.8.0
2024-05-26 09:46:37,497 [WARN] PackLoader:240 - Cannot read IP mode file for STMicroelectronics.X-CUBE-AI.9.0.0
2024-05-26 09:46:37,607 [WARN] ConditionMgr:438 - getConditionDescription Invalid condition id : UX DEVICE CLASS RTOS Condition cause : null
2024-05-26 09:46:37,607 [WARN] ConditionMgr:438 - getConditionDescription Invalid condition id : UX DEVICE CLASS RTOS Condition cause : null
2024-05-26 09:46:37,611 [WARN] PackLoader:240 - Cannot read IP mode file for STMicroelectronics.X-CUBE-AZRTOS-H7.3.1.0
2024-05-26 09:46:37,612 [WARN] ConditionMgr:1039 - genDependencies : Invalid condition id : UX DEVICE CLASS RTOS Condition cause : null
2024-05-26 09:46:37,612 [WARN] ConditionMgr:1039 - genDependencies : Invalid condition id : UX DEVICE CLASS RTOS Condition cause : null
2024-05-26 09:46:37,613 [WARN] ConditionMgr:1039 - genDependencies : Invalid condition id : UX DEVICE CLASS RTOS Condition cause : null
2024-05-26 09:46:37,613 [WARN] ConditionMgr:1039 - genDependencies : Invalid condition id : UX DEVICE CLASS RTOS Condition cause : null
2024-05-26 09:46:37,613 [WARN] ConditionMgr:1039 - genDependencies : Invalid condition id : UX DEVICE CLASS RTOS Condition cause : null
2024-05-26 09:46:37,635 [WARN] PackLoader:240 - Cannot read IP mode file for STMicroelectronics.X-CUBE-NFC7.1.0.1
2024-05-26 09:46:37,657 [WARN] PackLoader:240 - Cannot read IP mode file for STMicroelectronics.X-CUBE-NFC6.3.0.0
2024-05-26 09:46:37,684 [WARN] PackLoader:240 - Cannot read IP mode file for STMicroelectronics.X-CUBE-AI.8.1.0
2024-05-26 09:46:37,785 [WARN] ConditionMgr:438 - getConditionDescription Invalid condition id : LAN8742 Phy interface Condition cause : null
2024-05-26 09:46:37,786 [WARN] PackLoader:240 - Cannot read IP mode file for STMicroelectronics.X-CUBE-AZRTOS-L4.2.0.0
2024-05-26 09:46:37,787 [WARN] ConditionMgr:1039 - genDependencies : Invalid condition id : LAN8742 Phy interface Condition cause : null
2024-05-26 09:46:37,787 [WARN] ConditionMgr:1039 - genDependencies : Invalid condition id : LAN8742 Phy interface Condition cause : null
2024-05-26 09:46:37,787 [WARN] ConditionMgr:1039 - genDependencies : Invalid condition id : LAN8742 Phy interface Condition cause : null
2024-05-26 09:46:37,803 [WARN] PackLoader:240 - Cannot read IP mode file for STMicroelectronics.X-CUBE-SFXS2LP1.4.0.0
2024-05-26 09:46:37,816 [WARN] PackLoader:240 - Cannot read IP mode file for STMicroelectronics.X-CUBE-ISPU.1.1.0
2024-05-26 09:46:37,837 [WARN] ConditionMgr:438 - getConditionDescription Invalid condition id : UX DEVICE CLASS RTOS Condition cause : null
2024-05-26 09:46:37,837 [WARN] ConditionMgr:438 - getConditionDescription Invalid condition id : UX DEVICE CLASS RTOS Condition cause : null
2024-05-26 09:46:37,839 [WARN] PackLoader:240 - Cannot read IP mode file for STMicroelectronics.X-CUBE-AZRTOS-WB.2.0.0
2024-05-26 09:46:37,840 [WARN] ConditionMgr:1039 - genDependencies : Invalid condition id : UX DEVICE CLASS RTOS Condition cause : null
2024-05-26 09:46:37,840 [WARN] ConditionMgr:1039 - genDependencies : Invalid condition id : UX DEVICE CLASS RTOS Condition cause : null
2024-05-26 09:46:37,841 [WARN] ConditionMgr:1039 - genDependencies : Invalid condition id : UX DEVICE CLASS RTOS Condition cause : null
2024-05-26 09:46:37,841 [WARN] ConditionMgr:1039 - genDependencies : Invalid condition id : UX DEVICE CLASS RTOS Condition cause : null
2024-05-26 09:46:37,841 [WARN] ConditionMgr:1039 - genDependencies : Invalid condition id : UX DEVICE CLASS RTOS Condition cause : null
2024-05-26 09:46:37,857 [WARN] PackLoader:240 - Cannot read IP mode file for STMicroelectronics.X-CUBE-SUBG2.5.0.0
2024-05-26 09:46:37,877 [WARN] PackLoader:240 - Cannot read IP mode file for STMicroelectronics.X-CUBE-TOF1.3.3.1
2024-05-26 09:46:37,903 [WARN] PackLoader:240 - Cannot read IP mode file for STMicroelectronics.X-CUBE-AZRTOS-G4.2.0.0
2024-05-26 09:46:37,926 [WARN] PackLoader:240 - Cannot read IP mode file for Infineon.AIROC-Wi-Fi-Bluetooth-STM32.1.5.1
2024-05-26 09:46:37,939 [WARN] PackLoader:240 - Cannot read IP mode file for STMicroelectronics.FP-SNS-MOTENVWB1.1.3.0
2024-05-26 09:46:37,952 [WARN] PackLoader:240 - Cannot read IP mode file for STMicroelectronics.FP-SNS-MOTENVWB1.1.3.1
2024-05-26 09:46:37,963 [WARN] PackLoader:240 - Cannot read IP mode file for STMicroelectronics.X-CUBE-ISPU.2.0.0
2024-05-26 09:46:37,976 [WARN] PackLoader:240 - Cannot read IP mode file for STMicroelectronics.X-CUBE-ALS.1.0.2
2024-05-26 09:46:38,037 [WARN] PackLoader:240 - Cannot read IP mode file for STMicroelectronics.X-CUBE-MEMS1.10.0.0
2024-05-26 09:46:38,146 [WARN] PackLoader:240 - Cannot read IP mode file for STMicroelectronics.X-CUBE-FREERTOS.1.1.0
2024-05-26 09:46:38,160 [WARN] PackLoader:240 - Cannot read IP mode file for portGmbH.I-Cube-SoM-uGOAL.1.1.0
2024-05-26 09:46:38,173 [WARN] PackLoader:240 - Cannot read IP mode file for STMicroelectronics.X-CUBE-ALS.1.0.1
2024-05-26 09:46:38,200 [WARN] PackLoader:240 - Cannot read IP mode file for STMicroelectronics.X-CUBE-AZRTOS-H7RS.1.0.0
2024-05-26 09:46:38,213 [WARN] PackLoader:240 - Cannot read IP mode file for STMicroelectronics.FP-ATR-ASTRA1.2.0.0
2024-05-26 09:46:38,230 [WARN] PackLoader:240 - Cannot read IP mode file for STMicroelectronics.X-CUBE-TOF1.3.4.0
2024-05-26 09:46:38,267 [WARN] PackLoader:240 - Cannot read IP mode file for STMicroelectronics.X-CUBE-TOF1.3.4.1
2024-05-26 09:46:38,272 [INFO] WebApp:779 - Register for checkConnection events
2024-05-26 09:46:38,273 [INFO] WebApp:414 - Apply proxy settings
2024-05-26 09:46:38,273 [INFO] WebApp:499 - Chromium requires no authentication
2024-05-26 09:46:38,281 [INFO] WebApp:442 - Direct internet connection detected
2024-05-26 09:46:38,313 [WARN] PackLoader:240 - Cannot read IP mode file for STMicroelectronics.X-CUBE-AZRTOS-H7.3.2.0
2024-05-26 09:46:38,318 [INFO] ThirdParty:978 - Integrity check success = true
2024-05-26 09:46:38,318 [INFO] IntegrityCheckThread:100 - exiting critical section [integrity check]
2024-05-26 09:46:38,318 [INFO] IntegrityCheckThread:103 - End integrity checks thread
2024-05-26 09:46:38,437 [INFO] WebApp:192 - Starting web application
2024-05-26 09:46:38,437 [INFO] WebApp:544 - Web application path used C:\ST\STM32CubeIDE_1.14.1\STM32CubeIDE\plugins\com.st.stm32cube.common.mx_6.11.1.202404110753\db\plugins\mcufinder\reactClient1\index.html
